[2026-04-24T18:52:33Z] === ENRICH ITERATION 1 START | repo=apache/airflow sha=0eb78627 ===
[2026-04-24T18:52:33Z] [iter=1] PHASE START: enrich repo=apache/airflow sha=0eb78627 runlog=/home/runner/work/forx/forx/storage/aggregate/lsp/logs/0eb78627-enrich-iter-001.log output=/home/runner/work/forx/forx/storage/aggregate/lsp/0eb7862730c68d25ebbabf1988d66d50dd988bb0.nq.gz
[2026-04-24T18:52:33Z] [iter=1] Step 1: Loading AST into disk-backed store mem_mb=76 MB
[2026-04-24T18:53:01Z] [iter=1] AST store loaded triples=3421352 load_secs=27 mem_mb=898 MB
[2026-04-24T18:53:01Z] [iter=1] Step 2: Finding LSP targets mem_mb=898 MB
[2026-04-24T18:53:08Z] [iter=1] LSP targets found call_sites=26625 imports=1978 extends=325 implements=0 secs=7
[2026-04-24T18:53:13Z] [iter=1] Step 2.7: Building position index (one-shot, shared across resolvers) mem_mb=898 MB
[2026-04-24T18:53:34Z] [iter=1] Position index built positions=240004 nodes_with_types=293364 secs=21 mem_mb=898 MB
[2026-04-24T18:53:34Z] [iter=1] Step 3: Starting LSP resolution mem_mb=898 MB already_completed_types=[] already_completed_files=0
[2026-04-24T18:53:34Z] [iter=1] Resolving target type target_type=call_site count=26625
[2026-04-24T18:53:34Z] [iter=1] HEARTBEAT target_type=call_site elapsed_min=1.0 files_done=0 resolved=0 errors=0 current=airflow/www/static/ace.js
[2026-04-24T19:45:35Z] [iter=1] HEARTBEAT target_type=call_site elapsed_min=53.0 files_done=1 resolved=285 errors=2315 current=airflow/www/static/nv.d3.js
[2026-04-24T21:35:39Z] [iter=1] HEARTBEAT target_type=call_site elapsed_min=163.1 files_done=2 resolved=437 errors=7193 current=airflow/www/static/underscore.js
[2026-04-24T21:40:53Z] [iter=1] HEARTBEAT target_type=call_site elapsed_min=168.3 files_done=3 resolved=459 errors=7425 current=airflow/www/static/dagre-d3.js
[2026-04-24T22:09:36Z] [iter=1] HEARTBEAT target_type=call_site elapsed_min=197.0 files_done=4 resolved=533 errors=8620 current=airflow/www/static/para/parallel.js
[2026-04-24T22:13:23Z] [iter=1] HEARTBEAT target_type=call_site elapsed_min=200.8 files_done=5 resolved=551 errors=8787 current=airflow/www/static/gantt-chart-d3v2.js
[2026-04-24T22:14:52Z] [iter=1] HEARTBEAT target_type=call_site elapsed_min=202.3 files_done=6 resolved=551 errors=8852 current=airflow/www/static/para/webgl-2d.js
[2026-04-24T22:18:57Z] [iter=1] HEARTBEAT target_type=call_site elapsed_min=206.4 files_done=7 resolved=576 errors=9033 current=airflow/www/static/d3.tip.v0.6.3.js
[2026-04-24T22:19:48Z] [iter=1] HEARTBEAT target_type=call_site elapsed_min=207.2 files_done=8 resolved=581 errors=9070 current=airflow/www/static/connection_form.js
[2026-04-24T22:36:36Z] [iter=1] HEARTBEAT target_type=call_site elapsed_min=224.1 files_done=12 resolved=892 errors=9766 current=tests/models.py
[2026-04-24T22:45:23Z] [iter=1] HEARTBEAT target_type=call_site elapsed_min=232.8 files_done=13 resolved=974 errors=10153 current=tests/jobs.py
[2026-04-24T22:52:40Z] [iter=1] CHECKPOINT TRIGGERED elapsed_min=240.1 files_completed=13 new_files_this_iter=13 mem_mb=898 MB
[2026-04-24T22:52:40Z] [iter=1] Writing partial enrichment graph path=/home/runner/work/forx/forx/storage/aggregate/lsp/0eb7862730c68d25ebbabf1988d66d50dd988bb0.nq.gz triples=66069
[2026-04-24T22:52:41Z] [iter=1] Checkpoint written, exiting with code 7
[2026-04-24T22:52:41Z] [iter=1] PHASE END: enrich (checkpointed) elapsed_s=14407 elapsed_min=240.1 files_completed=13
